log [Faye.Engine] Created new engine: {"timeout":45}
log [Faye.Server] Created new server: {"mount":"/bayeux","timeout":45}
log [Faye.Client] New client created for [Object]
log [Faye.Client] Initiating handshake with "undefined//undefinedundefined"
log [Faye.Client] Selected "in-process" transport for "undefined//undefinedundefined"
log [Faye.Client] Passing through "outgoing" extensions: {"channel":"/meta/handshake","version":"1.0","supportedConnectionTypes":["in-process"],"id":"1"}
log [Faye.Transport] Client undefined sending message to "undefined//undefinedundefined": {"channel":"/meta/handshake","version":"1.0","supportedConnectionTypes":["in-process"],"id":"1"}
log [Faye.Server] Processing messages: [{"channel":"/meta/handshake","version":"1.0","supportedConnectionTypes":["in-process"],"id":"1"}] (local: true)
log [Faye.Server] Passing through "incoming" extensions: {"channel":"/meta/handshake","version":"1.0","supportedConnectionTypes":["in-process"],"id":"1"}
log [Faye.Server] Handling message: {"channel":"/meta/handshake","version":"1.0","supportedConnectionTypes":["in-process"],"id":"1"} (local: true)
log [Faye.Engine] Created new client "u3vttyjwc9juc6z2eo41113n67r1kgf"
log [Faye.Engine] Ping "u3vttyjwc9juc6z2eo41113n67r1kgf", 45
log [Faye.Server] Processing reply: {"id":"1","channel":"/meta/handshake","successful":true,"version":"1.0","supportedConnectionTypes":["long-polling","cross-origin-long-polling","callback-polling","websocket","eventsource","in-process"],"clientId":"u3vttyjwc9juc6z2eo41113n67r1kgf","advice":{"reconnect":"retry","interval":0,"timeout":45000}}
log [Faye.Server] Passing through "outgoing" extensions: {"id":"1","channel":"/meta/handshake","successful":true,"version":"1.0","supportedConnectionTypes":["long-polling","cross-origin-long-polling","callback-polling","websocket","eventsource","in-process"],"clientId":"u3vttyjwc9juc6z2eo41113n67r1kgf","advice":{"reconnect":"retry","interval":0,"timeout":45000}}
log [Faye.Server] Returning replies: [{"id":"1","channel":"/meta/handshake","successful":true,"version":"1.0","supportedConnectionTypes":["long-polling","cross-origin-long-polling","callback-polling","websocket","eventsource","in-process"],"clientId":"u3vttyjwc9juc6z2eo41113n67r1kgf","advice":{"reconnect":"retry","interval":0,"timeout":45000}}]
log [Faye.Transport] Client undefined received from "undefined//undefinedundefined": [{"id":"1","channel":"/meta/handshake","successful":true,"version":"1.0","supportedConnectionTypes":["long-polling","cross-origin-long-polling","callback-polling","websocket","eventsource","in-process"],"clientId":"u3vttyjwc9juc6z2eo41113n67r1kgf","advice":{"reconnect":"retry","interval":0,"timeout":45000}}]
log [Faye.Client] Passing through "incoming" extensions: {"id":"1","channel":"/meta/handshake","successful":true,"version":"1.0","supportedConnectionTypes":["long-polling","cross-origin-long-polling","callback-polling","websocket","eventsource","in-process"],"clientId":"u3vttyjwc9juc6z2eo41113n67r1kgf","advice":{"reconnect":"retry","interval":0,"timeout":45000}}
log [Faye.Client] Selected "in-process" transport for "undefined//undefinedundefined"
log [Faye.Client] Handshake successful: "u3vttyjwc9juc6z2eo41113n67r1kgf"
Server listening on port 8000
log [Faye.Client] Calling deferred actions for "u3vttyjwc9juc6z2eo41113n67r1kgf"
log [Faye.Client] Initiating connection for "u3vttyjwc9juc6z2eo41113n67r1kgf"
log [Faye.Client] Passing through "outgoing" extensions: {"channel":"/meta/connect","clientId":"u3vttyjwc9juc6z2eo41113n67r1kgf","connectionType":"in-process","id":"2"}
outgoing { channel: '/meta/connect',
  clientId: 'u3vttyjwc9juc6z2eo41113n67r1kgf',
  connectionType: 'in-process',
  id: '2' }
log [Faye.Transport] Client "u3vttyjwc9juc6z2eo41113n67r1kgf" sending message to "undefined//undefinedundefined": {"channel":"/meta/connect","clientId":"u3vttyjwc9juc6z2eo41113n67r1kgf","connectionType":"in-process","id":"2"}
log [Faye.Server] Processing messages: [{"channel":"/meta/connect","clientId":"u3vttyjwc9juc6z2eo41113n67r1kgf","connectionType":"in-process","id":"2"}] (local: true)
log [Faye.Server] Passing through "incoming" extensions: {"channel":"/meta/connect","clientId":"u3vttyjwc9juc6z2eo41113n67r1kgf","connectionType":"in-process","id":"2"}
log [Faye.Server] Handling message: {"channel":"/meta/connect","clientId":"u3vttyjwc9juc6z2eo41113n67r1kgf","connectionType":"in-process","id":"2"} (local: true)
log [Faye.Engine] Accepting connection from "u3vttyjwc9juc6z2eo41113n67r1kgf"
log [Faye.Engine] Ping "u3vttyjwc9juc6z2eo41113n67r1kgf", 45
log [Faye.Client] Client "u3vttyjwc9juc6z2eo41113n67r1kgf" attempting to subscribe to "/shout/*"
log [Faye.Client] Passing through "outgoing" extensions: {"channel":"/meta/subscribe","clientId":"u3vttyjwc9juc6z2eo41113n67r1kgf","subscription":"/shout/*","id":"3"}
outgoing { channel: '/meta/subscribe',
  clientId: 'u3vttyjwc9juc6z2eo41113n67r1kgf',
  subscription: '/shout/*',
  id: '3' }
log [Faye.Transport] Client "u3vttyjwc9juc6z2eo41113n67r1kgf" sending message to "undefined//undefinedundefined": {"channel":"/meta/subscribe","clientId":"u3vttyjwc9juc6z2eo41113n67r1kgf","subscription":"/shout/*","id":"3"}
log [Faye.Server] Processing messages: [{"channel":"/meta/subscribe","clientId":"u3vttyjwc9juc6z2eo41113n67r1kgf","subscription":"/shout/*","id":"3"}] (local: true)
log [Faye.Server] Passing through "incoming" extensions: {"channel":"/meta/subscribe","clientId":"u3vttyjwc9juc6z2eo41113n67r1kgf","subscription":"/shout/*","id":"3"}
log [Faye.Server] Handling message: {"channel":"/meta/subscribe","clientId":"u3vttyjwc9juc6z2eo41113n67r1kgf","subscription":"/shout/*","id":"3"} (local: true)
log [Faye.Engine] Subscribed client "u3vttyjwc9juc6z2eo41113n67r1kgf" to channel "/shout/*"
log [Faye.Server] Processing reply: {"id":"3","clientId":"u3vttyjwc9juc6z2eo41113n67r1kgf","channel":"/meta/subscribe","successful":true,"subscription":"/shout/*"}
log [Faye.Server] Passing through "outgoing" extensions: {"id":"3","clientId":"u3vttyjwc9juc6z2eo41113n67r1kgf","channel":"/meta/subscribe","successful":true,"subscription":"/shout/*"}
log [Faye.Server] Returning replies: [{"id":"3","clientId":"u3vttyjwc9juc6z2eo41113n67r1kgf","channel":"/meta/subscribe","successful":true,"subscription":"/shout/*"}]
log [Faye.Transport] Client "u3vttyjwc9juc6z2eo41113n67r1kgf" received from "undefined//undefinedundefined": [{"id":"3","clientId":"u3vttyjwc9juc6z2eo41113n67r1kgf","channel":"/meta/subscribe","successful":true,"subscription":"/shout/*"}]
log [Faye.Client] Passing through "incoming" extensions: {"id":"3","clientId":"u3vttyjwc9juc6z2eo41113n67r1kgf","channel":"/meta/subscribe","successful":true,"subscription":"/shout/*"}
incoming { id: '3',
  clientId: 'u3vttyjwc9juc6z2eo41113n67r1kgf',
  channel: '/meta/subscribe',
  successful: true,
  subscription: '/shout/*' }
log [Faye.Client] Subscription acknowledged for "u3vttyjwc9juc6z2eo41113n67r1kgf" to ["/shout/*"]
